<?xml version="1.0" encoding="UTF-8"?>
<!-- Generated by org.testng.reporters.JUnitXMLReporter -->
<testsuite ignored="0" hostname="WKWZTEmSDVRzPVP" failures="0" tests="16" name="Test" time="26.372" errors="0" timestamp="2022-11-22T19:09:01 IST">
  <testcase classname="day3.MyFisrtTestNGTest" name="created" time="0.009"/>
  <testcase classname="day3.MyFisrtTestNGTest" name="delete" time="0.001"/>
  <testcase classname="day3.MyFisrtTestNGTest" name="login" time="0.001"/>
  <testcase classname="day3.MyFisrtTestNGTest" name="logout" time="0.001"/>
  <testcase classname="day3.MyFirstSeleniumScript2" name="main" time="5.314"/>
  <testcase classname="day3.MyFirstSeleniumScript" name="main" time="6.017"/>
  <testcase classname="day3.LoginTest" name="noCredentials" time="0.155"/>
  <testcase classname="day3.LoginTest" name="onlyPassword" time="0.158"/>
  <testcase classname="day3.DateTask2" name="main" time="13.506"/>
  <testcase classname="day3.AssertionDemo" name="login" time="0.001"/>
  <testcase classname="day3.AssertionDemo" name="creat" time="0.001"/>
  <testcase classname="day3.DateTask1" name="main" time="14.241"/>
  <testcase classname="day3.LoginTest" name="onlyUsername" time="0.177"/>
  <testcase classname="day3.LoginTest" name="validCredentials" time="3.264"/>
  <testcase classname="day3.Task6" name="main" time="18.431"/>
  <testcase classname="day3.HandleDynamicElement2" name="main" time="21.02"/>
</testsuite> <!-- Test -->
