<?xml version="1.0" encoding="UTF-8"?>
<!-- Generated by org.testng.reporters.JUnitXMLReporter -->
<testsuite ignored="0" hostname="WKWZTEmSDVRzPVP" failures="0" tests="16" name="Test" time="35.695" errors="0" timestamp="2022-11-23T15:34:50 IST">
  <testcase classname="day3.MyFisrtTestNGTest" name="created" time="0.0"/>
  <testcase classname="day3.MyFisrtTestNGTest" name="delete" time="0.0"/>
  <testcase classname="day3.MyFisrtTestNGTest" name="login" time="0.0"/>
  <testcase classname="day3.MyFisrtTestNGTest" name="logout" time="0.0"/>
  <testcase classname="day3.MyFirstSeleniumScript2" name="main" time="10.325"/>
  <testcase classname="day3.LoginTest" name="noCredentials" time="0.529"/>
  <testcase classname="day3.MyFirstSeleniumScript" name="main" time="12.939"/>
  <testcase classname="day3.DateTask1" name="main" time="16.081"/>
  <testcase classname="day3.AssertionDemo" name="login" time="0.0"/>
  <testcase classname="day3.AssertionDemo" name="creat" time="0.0"/>
  <testcase classname="day3.DateTask2" name="main" time="17.992"/>
  <testcase classname="day3.LoginTest" name="onlyPassword" time="0.469"/>
  <testcase classname="day3.LoginTest" name="onlyUsername" time="0.422"/>
  <testcase classname="day3.Task6" name="main" time="17.909"/>
  <testcase classname="day3.HandleDynamicElement2" name="main" time="21.399"/>
  <testcase classname="day3.LoginTest" name="validCredentials" time="4.284"/>
</testsuite> <!-- Test -->
