<?xml version="1.0" encoding="UTF-8"?>
<testng-results ignored="0" total="16" passed="16" failed="0" skipped="0">
  <reporter-output>
  </reporter-output>
  <suite started-at="2022-11-23T15:34:15 IST" name="Suite" finished-at="2022-11-23T15:34:50 IST" duration-ms="35695">
    <groups>
    </groups>
    <test started-at="2022-11-23T15:34:15 IST" name="Test" finished-at="2022-11-23T15:34:50 IST" duration-ms="35695">
      <class name="day3.MyFisrtTestNGTest">
        <test-method signature="login()[pri:0, instance:day3.MyFisrtTestNGTest@4738a206]" started-at="2022-11-23T15:34:15 IST" name="login" finished-at="2022-11-23T15:34:15 IST" duration-ms="0" status="PASS">
          <reporter-output>
          </reporter-output>
        </test-method> <!-- login -->
        <test-method signature="logout()[pri:0, instance:day3.MyFisrtTestNGTest@4738a206]" started-at="2022-11-23T15:34:15 IST" name="logout" finished-at="2022-11-23T15:34:15 IST" duration-ms="0" status="PASS">
          <reporter-output>
          </reporter-output>
        </test-method> <!-- logout -->
        <test-method signature="delete()[pri:0, instance:day3.MyFisrtTestNGTest@4738a206]" started-at="2022-11-23T15:34:15 IST" name="delete" finished-at="2022-11-23T15:34:15 IST" duration-ms="0" status="PASS">
          <reporter-output>
          </reporter-output>
        </test-method> <!-- delete -->
        <test-method signature="created()[pri:0, instance:day3.MyFisrtTestNGTest@4738a206]" started-at="2022-11-23T15:34:15 IST" name="created" finished-at="2022-11-23T15:34:15 IST" duration-ms="0" status="PASS">
          <reporter-output>
          </reporter-output>
        </test-method> <!-- created -->
      </class> <!-- day3.MyFisrtTestNGTest -->
      <class name="day3.DateTask2">
        <test-method signature="main()[pri:0, instance:day3.DateTask2@7e7be63f]" started-at="2022-11-23T15:34:15 IST" name="main" finished-at="2022-11-23T15:34:33 IST" duration-ms="17992" status="PASS">
          <reporter-output>
          </reporter-output>
        </test-method> <!-- main -->
      </class> <!-- day3.DateTask2 -->
      <class name="day3.AssertionDemo">
        <test-method signature="login()[pri:0, instance:day3.AssertionDemo@f5acb9d]" started-at="2022-11-23T15:34:31 IST" name="login" finished-at="2022-11-23T15:34:31 IST" duration-ms="0" status="PASS">
          <reporter-output>
          </reporter-output>
        </test-method> <!-- login -->
        <test-method signature="creat()[pri:0, instance:day3.AssertionDemo@f5acb9d]" started-at="2022-11-23T15:34:31 IST" name="creat" finished-at="2022-11-23T15:34:31 IST" depends-on-methods="day3.AssertionDemo.login" duration-ms="0" status="PASS">
          <reporter-output>
          </reporter-output>
        </test-method> <!-- creat -->
      </class> <!-- day3.AssertionDemo -->
      <class name="day3.MyFirstSeleniumScript2">
        <test-method signature="main()[pri:0, instance:day3.MyFirstSeleniumScript2@66d3eec0]" started-at="2022-11-23T15:34:15 IST" name="main" finished-at="2022-11-23T15:34:25 IST" duration-ms="10325" status="PASS">
          <reporter-output>
          </reporter-output>
        </test-method> <!-- main -->
      </class> <!-- day3.MyFirstSeleniumScript2 -->
      <class name="day3.HandleDynamicElement2">
        <test-method signature="main()[pri:0, instance:day3.HandleDynamicElement2@1af2d44a]" started-at="2022-11-23T15:34:25 IST" name="main" finished-at="2022-11-23T15:34:46 IST" duration-ms="21399" status="PASS">
          <reporter-output>
          </reporter-output>
        </test-method> <!-- main -->
      </class> <!-- day3.HandleDynamicElement2 -->
      <class name="day3.MyFirstSeleniumScript">
        <test-method signature="main()[pri:0, instance:day3.MyFirstSeleniumScript@1e04fa0a]" started-at="2022-11-23T15:34:15 IST" name="main" finished-at="2022-11-23T15:34:28 IST" duration-ms="12939" status="PASS">
          <reporter-output>
          </reporter-output>
        </test-method> <!-- main -->
      </class> <!-- day3.MyFirstSeleniumScript -->
      <class name="day3.Task6">
        <test-method signature="main()[pri:0, instance:day3.Task6@18d87d80]" started-at="2022-11-23T15:34:28 IST" name="main" finished-at="2022-11-23T15:34:45 IST" duration-ms="17909" status="PASS">
          <reporter-output>
          </reporter-output>
        </test-method> <!-- main -->
      </class> <!-- day3.Task6 -->
      <class name="day3.DateTask1">
        <test-method signature="main()[pri:0, instance:day3.DateTask1@5acf93bb]" started-at="2022-11-23T15:34:15 IST" name="main" finished-at="2022-11-23T15:34:31 IST" duration-ms="16081" status="PASS">
          <reporter-output>
          </reporter-output>
        </test-method> <!-- main -->
      </class> <!-- day3.DateTask1 -->
      <class name="day3.LoginTest">
        <test-method is-config="true" signature="setup()[pri:0, instance:day3.LoginTest@1e683a3e]" started-at="2022-11-23T15:34:15 IST" name="setup" finished-at="2022-11-23T15:34:27 IST" duration-ms="12166" status="PASS">
          <reporter-output>
          </reporter-output>
        </test-method> <!-- setup -->
        <test-method signature="noCredentials()[pri:0, instance:day3.LoginTest@1e683a3e]" started-at="2022-11-23T15:34:27 IST" name="noCredentials" finished-at="2022-11-23T15:34:27 IST" duration-ms="529" status="PASS">
          <reporter-output>
          </reporter-output>
        </test-method> <!-- noCredentials -->
        <test-method is-config="true" signature="tearup()[pri:0, instance:day3.LoginTest@1e683a3e]" started-at="2022-11-23T15:34:27 IST" name="tearup" finished-at="2022-11-23T15:34:28 IST" duration-ms="529" status="PASS">
          <reporter-output>
          </reporter-output>
        </test-method> <!-- tearup -->
        <test-method is-config="true" signature="setup()[pri:0, instance:day3.LoginTest@1e683a3e]" started-at="2022-11-23T15:34:28 IST" name="setup" finished-at="2022-11-23T15:34:33 IST" duration-ms="4919" status="PASS">
          <reporter-output>
          </reporter-output>
        </test-method> <!-- setup -->
        <test-method signature="onlyPassword()[pri:0, instance:day3.LoginTest@1e683a3e]" started-at="2022-11-23T15:34:33 IST" name="onlyPassword" finished-at="2022-11-23T15:34:33 IST" duration-ms="469" status="PASS">
          <reporter-output>
          </reporter-output>
        </test-method> <!-- onlyPassword -->
        <test-method is-config="true" signature="tearup()[pri:0, instance:day3.LoginTest@1e683a3e]" started-at="2022-11-23T15:34:33 IST" name="tearup" finished-at="2022-11-23T15:34:34 IST" duration-ms="1279" status="PASS">
          <reporter-output>
          </reporter-output>
        </test-method> <!-- tearup -->
        <test-method is-config="true" signature="setup()[pri:0, instance:day3.LoginTest@1e683a3e]" started-at="2022-11-23T15:34:34 IST" name="setup" finished-at="2022-11-23T15:34:40 IST" duration-ms="5215" status="PASS">
          <reporter-output>
          </reporter-output>
        </test-method> <!-- setup -->
        <test-method signature="onlyUsername()[pri:0, instance:day3.LoginTest@1e683a3e]" started-at="2022-11-23T15:34:40 IST" name="onlyUsername" finished-at="2022-11-23T15:34:40 IST" duration-ms="422" status="PASS">
          <reporter-output>
          </reporter-output>
        </test-method> <!-- onlyUsername -->
        <test-method is-config="true" signature="tearup()[pri:0, instance:day3.LoginTest@1e683a3e]" started-at="2022-11-23T15:34:40 IST" name="tearup" finished-at="2022-11-23T15:34:41 IST" duration-ms="520" status="PASS">
          <reporter-output>
          </reporter-output>
        </test-method> <!-- tearup -->
        <test-method is-config="true" signature="setup()[pri:0, instance:day3.LoginTest@1e683a3e]" started-at="2022-11-23T15:34:41 IST" name="setup" finished-at="2022-11-23T15:34:46 IST" duration-ms="5020" status="PASS">
          <reporter-output>
          </reporter-output>
        </test-method> <!-- setup -->
        <test-method signature="validCredentials()[pri:0, instance:day3.LoginTest@1e683a3e]" started-at="2022-11-23T15:34:46 IST" name="validCredentials" finished-at="2022-11-23T15:34:50 IST" duration-ms="4284" status="PASS">
          <reporter-output>
          </reporter-output>
        </test-method> <!-- validCredentials -->
        <test-method is-config="true" signature="tearup()[pri:0, instance:day3.LoginTest@1e683a3e]" started-at="2022-11-23T15:34:50 IST" name="tearup" finished-at="2022-11-23T15:34:50 IST" duration-ms="290" status="PASS">
          <reporter-output>
          </reporter-output>
        </test-method> <!-- tearup -->
      </class> <!-- day3.LoginTest -->
    </test> <!-- Test -->
  </suite> <!-- Suite -->
</testng-results>
