<?xml version="1.0" encoding="UTF-8"?>
<testng-results ignored="0" total="5" passed="5" failed="0" skipped="0">
  <reporter-output>
  </reporter-output>
  <suite started-at="2022-11-24T12:04:42 IST" name="Suite" finished-at="2022-11-24T12:04:57 IST" duration-ms="15033">
    <groups>
    </groups>
    <test started-at="2022-11-24T12:04:42 IST" name="MacChrome" finished-at="2022-11-24T12:04:50 IST" duration-ms="7995">
      <class name="day5.SeleniumGrid1">
        <test-method is-config="true" signature="setup(java.lang.String,java.lang.String,java.lang.String,java.lang.String)[pri:0, instance:day5.SeleniumGrid1@5a45133e]" started-at="2022-11-24T12:04:42 IST" name="setup" finished-at="2022-11-24T12:04:48 IST" duration-ms="5435" status="PASS">
          <params>
            <param index="0">
              <value>
                <![CDATA[OS X]]>
              </value>
            </param>
            <param index="1">
              <value>
                <![CDATA[Ventura]]>
              </value>
            </param>
            <param index="2">
              <value>
                <![CDATA[Chrome]]>
              </value>
            </param>
            <param index="3">
              <value>
                <![CDATA[105.0]]>
              </value>
            </param>
          </params>
          <reporter-output>
          </reporter-output>
        </test-method> <!-- setup -->
        <test-method signature="ineuron()[pri:0, instance:day5.SeleniumGrid1@5a45133e]" started-at="2022-11-24T12:04:48 IST" name="ineuron" finished-at="2022-11-24T12:04:49 IST" duration-ms="1034" status="PASS">
          <reporter-output>
          </reporter-output>
        </test-method> <!-- ineuron -->
        <test-method is-config="true" signature="teardown()[pri:0, instance:day5.SeleniumGrid1@5a45133e]" started-at="2022-11-24T12:04:49 IST" name="teardown" finished-at="2022-11-24T12:04:50 IST" duration-ms="1484" status="PASS">
          <reporter-output>
          </reporter-output>
        </test-method> <!-- teardown -->
      </class> <!-- day5.SeleniumGrid1 -->
    </test> <!-- MacChrome -->
    <test started-at="2022-11-24T12:04:42 IST" name="Edge" finished-at="2022-11-24T12:04:51 IST" duration-ms="9142">
      <class name="day5.SeleniumGrid1">
        <test-method is-config="true" signature="setup(java.lang.String,java.lang.String,java.lang.String,java.lang.String)[pri:0, instance:day5.SeleniumGrid1@242b836]" started-at="2022-11-24T12:04:42 IST" name="setup" finished-at="2022-11-24T12:04:49 IST" duration-ms="6446" status="PASS">
          <params>
            <param index="0">
              <value>
                <![CDATA[Windows]]>
              </value>
            </param>
            <param index="1">
              <value>
                <![CDATA[10]]>
              </value>
            </param>
            <param index="2">
              <value>
                <![CDATA[Edge]]>
              </value>
            </param>
            <param index="3">
              <value>
                <![CDATA[100.0]]>
              </value>
            </param>
          </params>
          <reporter-output>
          </reporter-output>
        </test-method> <!-- setup -->
        <test-method signature="ineuron()[pri:0, instance:day5.SeleniumGrid1@242b836]" started-at="2022-11-24T12:04:49 IST" name="ineuron" finished-at="2022-11-24T12:04:50 IST" duration-ms="1431" status="PASS">
          <reporter-output>
          </reporter-output>
        </test-method> <!-- ineuron -->
        <test-method is-config="true" signature="teardown()[pri:0, instance:day5.SeleniumGrid1@242b836]" started-at="2022-11-24T12:04:50 IST" name="teardown" finished-at="2022-11-24T12:04:51 IST" duration-ms="1223" status="PASS">
          <reporter-output>
          </reporter-output>
        </test-method> <!-- teardown -->
      </class> <!-- day5.SeleniumGrid1 -->
    </test> <!-- Edge -->
    <test started-at="2022-11-24T12:04:42 IST" name="Chrome" finished-at="2022-11-24T12:04:52 IST" duration-ms="9390">
      <class name="day5.SeleniumGrid1">
        <test-method is-config="true" signature="setup(java.lang.String,java.lang.String,java.lang.String,java.lang.String)[pri:0, instance:day5.SeleniumGrid1@2b91004a]" started-at="2022-11-24T12:04:42 IST" name="setup" finished-at="2022-11-24T12:04:50 IST" duration-ms="7279" status="PASS">
          <params>
            <param index="0">
              <value>
                <![CDATA[Windows]]>
              </value>
            </param>
            <param index="1">
              <value>
                <![CDATA[10]]>
              </value>
            </param>
            <param index="2">
              <value>
                <![CDATA[Chrome]]>
              </value>
            </param>
            <param index="3">
              <value>
                <![CDATA[105.0]]>
              </value>
            </param>
          </params>
          <reporter-output>
          </reporter-output>
        </test-method> <!-- setup -->
        <test-method signature="ineuron()[pri:0, instance:day5.SeleniumGrid1@2b91004a]" started-at="2022-11-24T12:04:50 IST" name="ineuron" finished-at="2022-11-24T12:04:51 IST" duration-ms="875" status="PASS">
          <reporter-output>
          </reporter-output>
        </test-method> <!-- ineuron -->
        <test-method is-config="true" signature="teardown()[pri:0, instance:day5.SeleniumGrid1@2b91004a]" started-at="2022-11-24T12:04:51 IST" name="teardown" finished-at="2022-11-24T12:04:52 IST" duration-ms="1198" status="PASS">
          <reporter-output>
          </reporter-output>
        </test-method> <!-- teardown -->
      </class> <!-- day5.SeleniumGrid1 -->
    </test> <!-- Chrome -->
    <test started-at="2022-11-24T12:04:42 IST" name="MacFirefox" finished-at="2022-11-24T12:04:54 IST" duration-ms="11784">
      <class name="day5.SeleniumGrid1">
        <test-method is-config="true" signature="setup(java.lang.String,java.lang.String,java.lang.String,java.lang.String)[pri:0, instance:day5.SeleniumGrid1@130c12b7]" started-at="2022-11-24T12:04:42 IST" name="setup" finished-at="2022-11-24T12:04:50 IST" duration-ms="7875" status="PASS">
          <params>
            <param index="0">
              <value>
                <![CDATA[OS X]]>
              </value>
            </param>
            <param index="1">
              <value>
                <![CDATA[Ventura]]>
              </value>
            </param>
            <param index="2">
              <value>
                <![CDATA[Firefox]]>
              </value>
            </param>
            <param index="3">
              <value>
                <![CDATA[100.0]]>
              </value>
            </param>
          </params>
          <reporter-output>
          </reporter-output>
        </test-method> <!-- setup -->
        <test-method signature="ineuron()[pri:0, instance:day5.SeleniumGrid1@130c12b7]" started-at="2022-11-24T12:04:50 IST" name="ineuron" finished-at="2022-11-24T12:04:52 IST" duration-ms="1873" status="PASS">
          <reporter-output>
          </reporter-output>
        </test-method> <!-- ineuron -->
        <test-method is-config="true" signature="teardown()[pri:0, instance:day5.SeleniumGrid1@130c12b7]" started-at="2022-11-24T12:04:52 IST" name="teardown" finished-at="2022-11-24T12:04:54 IST" duration-ms="1994" status="PASS">
          <reporter-output>
          </reporter-output>
        </test-method> <!-- teardown -->
      </class> <!-- day5.SeleniumGrid1 -->
    </test> <!-- MacFirefox -->
    <test started-at="2022-11-24T12:04:42 IST" name="Firefox" finished-at="2022-11-24T12:04:57 IST" duration-ms="15033">
      <class name="day5.SeleniumGrid1">
        <test-method is-config="true" signature="setup(java.lang.String,java.lang.String,java.lang.String,java.lang.String)[pri:0, instance:day5.SeleniumGrid1@783a467b]" started-at="2022-11-24T12:04:42 IST" name="setup" finished-at="2022-11-24T12:04:53 IST" duration-ms="10887" status="PASS">
          <params>
            <param index="0">
              <value>
                <![CDATA[Windows]]>
              </value>
            </param>
            <param index="1">
              <value>
                <![CDATA[10]]>
              </value>
            </param>
            <param index="2">
              <value>
                <![CDATA[Firefox]]>
              </value>
            </param>
            <param index="3">
              <value>
                <![CDATA[latest-beta]]>
              </value>
            </param>
          </params>
          <reporter-output>
          </reporter-output>
        </test-method> <!-- setup -->
        <test-method signature="ineuron()[pri:0, instance:day5.SeleniumGrid1@783a467b]" started-at="2022-11-24T12:04:53 IST" name="ineuron" finished-at="2022-11-24T12:04:56 IST" duration-ms="2636" status="PASS">
          <reporter-output>
          </reporter-output>
        </test-method> <!-- ineuron -->
        <test-method is-config="true" signature="teardown()[pri:0, instance:day5.SeleniumGrid1@783a467b]" started-at="2022-11-24T12:04:56 IST" name="teardown" finished-at="2022-11-24T12:04:57 IST" duration-ms="1466" status="PASS">
          <reporter-output>
          </reporter-output>
        </test-method> <!-- teardown -->
      </class> <!-- day5.SeleniumGrid1 -->
    </test> <!-- Firefox -->
  </suite> <!-- Suite -->
</testng-results>
